<?xml version="1.0" encoding="UTF-8"?>
<testng-results ignored="0" total="1" passed="1" failed="0" skipped="0">
  <reporter-output>
  </reporter-output>
  <suite started-at="2022-02-08T12:33:46 IST" name="Default suite" finished-at="2022-02-08T12:33:59 IST" duration-ms="13249">
    <groups>
    </groups>
    <test started-at="2022-02-08T12:33:46 IST" name="Default test" finished-at="2022-02-08T12:33:59 IST" duration-ms="13249">
      <class name="tc.generateHAR">
        <test-method signature="generateHARFile()[pri:0, instance:tc.generateHAR@15c43bd9]" started-at="2022-02-08T12:33:46 IST" name="generateHARFile" finished-at="2022-02-08T12:33:59 IST" duration-ms="13214" status="PASS">
          <reporter-output>
          </reporter-output>
        </test-method> <!-- generateHARFile -->
      </class> <!-- tc.generateHAR -->
    </test> <!-- Default test -->
  </suite> <!-- Default suite -->
</testng-results>
